<?xml version="1.0" encoding="UTF-8"?>
<!-- Generated by org.testng.reporters.JUnitReportReporter -->
<testsuite hostname="LAPTOP-IINSEAOD" failures="0" tests="1" name="jobsApi.TC_Get_Request" time="3.659" errors="0" timestamp="2022-05-05T14:11:41 EDT" skipped="0">
  <testcase classname="jobsApi.TC_Get_Request" name="getTest" time="3.659"/>
  <system-out/>
</testsuite> <!-- jobsApi.TC_Get_Request -->
