<?xml version="1.0" encoding="UTF-8"?>
<!-- Generated by org.testng.reporters.JUnitReportReporter -->
<testsuite hostname="LAPTOP-IINSEAOD" failures="0" tests="1" name="jobsApi.TC_Get" time="1.647" errors="0" timestamp="2022-05-04T23:38:12 EDT" skipped="0">
  <testcase classname="jobsApi.TC_Get" name="getTest" time="1.647"/>
  <system-out/>
</testsuite> <!-- jobsApi.TC_Get -->
